<?xml version="1.0" encoding="UTF-8"?>
<coverage generated="1621509294207" clover="3.2.0">
  <project timestamp="1621509294207" name="All files">
    <metrics statements="133" coveredstatements="130" conditionals="92" coveredconditionals="86" methods="25" coveredmethods="25" elements="250" coveredelements="241" complexity="0" loc="133" ncloc="133" packages="1" files="4" classes="4"/>
    <file name="Types.ts" path="/home/simone/message-store-app/src/Types.ts">
      <metrics statements="22" coveredstatements="22" conditionals="8" coveredconditionals="8" methods="4" coveredmethods="4"/>
      <line num="3" count="2" type="cond" truecount="2" falsecount="0"/>
      <line num="4" count="2" type="stmt"/>
      <line num="5" count="2" type="stmt"/>
      <line num="13" count="2" type="cond" truecount="2" falsecount="0"/>
      <line num="14" count="2" type="stmt"/>
      <line num="15" count="2" type="stmt"/>
      <line num="16" count="2" type="stmt"/>
      <line num="25" count="2" type="cond" truecount="2" falsecount="0"/>
      <line num="26" count="2" type="stmt"/>
      <line num="27" count="2" type="stmt"/>
      <line num="28" count="2" type="stmt"/>
      <line num="29" count="2" type="stmt"/>
      <line num="30" count="2" type="stmt"/>
      <line num="42" count="2" type="cond" truecount="2" falsecount="0"/>
      <line num="43" count="2" type="stmt"/>
      <line num="44" count="2" type="stmt"/>
      <line num="45" count="2" type="stmt"/>
      <line num="46" count="2" type="stmt"/>
      <line num="47" count="2" type="stmt"/>
      <line num="48" count="2" type="stmt"/>
      <line num="49" count="2" type="stmt"/>
      <line num="50" count="2" type="stmt"/>
    </file>
    <file name="index.ts" path="/home/simone/message-store-app/src/index.ts">
      <metrics statements="23" coveredstatements="22" conditionals="23" coveredconditionals="20" methods="3" coveredmethods="3"/>
      <line num="1" count="1" type="stmt"/>
      <line num="9" count="1" type="stmt"/>
      <line num="10" count="1" type="stmt"/>
      <line num="12" count="1" type="stmt"/>
      <line num="19" count="8" type="stmt"/>
      <line num="21" count="8" type="cond" truecount="2" falsecount="0"/>
      <line num="22" count="8" type="stmt"/>
      <line num="24" count="4" type="stmt"/>
      <line num="27" count="4" type="stmt"/>
      <line num="28" count="1" type="cond" truecount="2" falsecount="0"/>
      <line num="29" count="1" type="cond" truecount="1" falsecount="1"/>
      <line num="30" count="1" type="stmt"/>
      <line num="41" count="0" type="stmt"/>
      <line num="43" count="3" type="stmt"/>
      <line num="44" count="3" type="cond" truecount="1" falsecount="0"/>
      <line num="45" count="3" type="cond" truecount="2" falsecount="0"/>
      <line num="49" count="1" type="stmt"/>
      <line num="60" count="2" type="stmt"/>
      <line num="76" count="1" type="stmt"/>
      <line num="77" count="8" type="stmt"/>
      <line num="91" count="8" type="stmt"/>
      <line num="92" count="8" type="stmt"/>
      <line num="95" count="8" type="cond" truecount="2" falsecount="0"/>
    </file>
    <file name="index2.ts" path="/home/simone/message-store-app/src/index2.ts">
      <metrics statements="43" coveredstatements="43" conditionals="39" coveredconditionals="39" methods="4" coveredmethods="4"/>
      <line num="1" count="1" type="stmt"/>
      <line num="10" count="1" type="stmt"/>
      <line num="19" count="1" type="stmt"/>
      <line num="31" count="18" type="cond" truecount="12" falsecount="0"/>
      <line num="32" count="5" type="stmt"/>
      <line num="35" count="13" type="stmt"/>
      <line num="36" count="1" type="cond" truecount="5" falsecount="0"/>
      <line num="37" count="1" type="stmt"/>
      <line num="49" count="2" type="stmt"/>
      <line num="50" count="2" type="cond" truecount="2" falsecount="0"/>
      <line num="51" count="1" type="stmt"/>
      <line num="62" count="1" type="stmt"/>
      <line num="72" count="2" type="stmt"/>
      <line num="73" count="2" type="cond" truecount="2" falsecount="0"/>
      <line num="74" count="1" type="stmt"/>
      <line num="83" count="1" type="stmt"/>
      <line num="92" count="4" type="stmt"/>
      <line num="93" count="4" type="cond" truecount="2" falsecount="0"/>
      <line num="94" count="2" type="stmt"/>
      <line num="96" count="4" type="stmt"/>
      <line num="103" count="6" type="cond" truecount="2" falsecount="0"/>
      <line num="104" count="1" type="stmt"/>
      <line num="106" count="1" type="stmt"/>
      <line num="116" count="1" type="stmt"/>
      <line num="126" count="4" type="stmt"/>
      <line num="128" count="14" type="cond" truecount="2" falsecount="0"/>
      <line num="129" count="1" type="stmt"/>
      <line num="131" count="1" type="stmt"/>
      <line num="140" count="3" type="cond" truecount="2" falsecount="0"/>
      <line num="141" count="4" type="cond" truecount="2" falsecount="0"/>
      <line num="142" count="2" type="stmt"/>
      <line num="144" count="1" type="stmt"/>
      <line num="159" count="8" type="stmt"/>
      <line num="160" count="4" type="cond" truecount="2" falsecount="0"/>
      <line num="161" count="4" type="cond" truecount="4" falsecount="0"/>
      <line num="162" count="3" type="stmt"/>
      <line num="164" count="1" type="stmt"/>
      <line num="170" count="4" type="stmt"/>
      <line num="175" count="1" type="stmt"/>
      <line num="176" count="20" type="stmt"/>
      <line num="202" count="18" type="stmt"/>
      <line num="203" count="18" type="stmt"/>
      <line num="206" count="18" type="cond" truecount="2" falsecount="0"/>
    </file>
    <file name="projector.ts" path="/home/simone/message-store-app/src/projector.ts">
      <metrics statements="45" coveredstatements="43" conditionals="22" coveredconditionals="19" methods="14" coveredmethods="14"/>
      <line num="1" count="2" type="stmt"/>
      <line num="2" count="2" type="stmt"/>
      <line num="4" count="2" type="stmt"/>
      <line num="5" count="9" type="stmt"/>
      <line num="7" count="9" type="stmt"/>
      <line num="8" count="9" type="stmt"/>
      <line num="10" count="13" type="cond" truecount="2" falsecount="0"/>
      <line num="11" count="11" type="cond" truecount="2" falsecount="0"/>
      <line num="12" count="2" type="stmt"/>
      <line num="13" count="9" type="cond" truecount="2" falsecount="0"/>
      <line num="14" count="8" type="stmt"/>
      <line num="17" count="13" type="stmt"/>
      <line num="19" count="9" type="stmt"/>
      <line num="22" count="2" type="stmt"/>
      <line num="24" count="6" type="cond" truecount="2" falsecount="0"/>
      <line num="25" count="5" type="stmt"/>
      <line num="26" count="1" type="cond" truecount="1" falsecount="1"/>
      <line num="27" count="1" type="stmt"/>
      <line num="29" count="0" type="stmt"/>
      <line num="32" count="9" type="stmt"/>
      <line num="35" count="2" type="stmt"/>
      <line num="40" count="3" type="cond" truecount="1" falsecount="1"/>
      <line num="44" count="3" type="stmt"/>
      <line num="46" count="0" type="stmt"/>
      <line num="49" count="3" type="stmt"/>
      <line num="52" count="2" type="stmt"/>
      <line num="54" count="11" type="cond" truecount="2" falsecount="0"/>
      <line num="55" count="7" type="stmt"/>
      <line num="57" count="4" type="stmt"/>
      <line num="60" count="10" type="stmt"/>
      <line num="67" count="2" type="stmt"/>
      <line num="71" count="8" type="cond" truecount="2" falsecount="0"/>
      <line num="72" count="3" type="stmt"/>
      <line num="74" count="5" type="stmt"/>
      <line num="77" count="6" type="stmt"/>
      <line num="84" count="2" type="stmt"/>
      <line num="86" count="8" type="cond" truecount="2" falsecount="0"/>
      <line num="87" count="2" type="stmt"/>
      <line num="89" count="6" type="stmt"/>
      <line num="92" count="6" type="stmt"/>
      <line num="99" count="2" type="stmt"/>
      <line num="101" count="4" type="cond" truecount="2" falsecount="0"/>
      <line num="102" count="2" type="stmt"/>
      <line num="104" count="2" type="stmt"/>
      <line num="107" count="4" type="stmt"/>
    </file>
  </project>
</coverage>
