<?xml version="1.0" encoding="UTF-8"?>
<coverage generated="1621419350836" clover="3.2.0">
  <project timestamp="1621419350836" name="All files">
    <metrics statements="123" coveredstatements="109" conditionals="83" coveredconditionals="68" methods="24" coveredmethods="21" elements="230" coveredelements="198" complexity="0" loc="123" ncloc="123" packages="1" files="4" classes="4"/>
    <file name="Types.ts" path="/home/simone/message-store-app/src/Types.ts">
      <metrics statements="23" coveredstatements="23" conditionals="8" coveredconditionals="8" methods="4" coveredmethods="4"/>
      <line num="3" count="2" type="cond" truecount="2" falsecount="0"/>
      <line num="4" count="2" type="stmt"/>
      <line num="5" count="2" type="stmt"/>
      <line num="13" count="2" type="cond" truecount="2" falsecount="0"/>
      <line num="14" count="2" type="stmt"/>
      <line num="15" count="2" type="stmt"/>
      <line num="16" count="2" type="stmt"/>
      <line num="25" count="2" type="cond" truecount="2" falsecount="0"/>
      <line num="26" count="2" type="stmt"/>
      <line num="27" count="2" type="stmt"/>
      <line num="28" count="2" type="stmt"/>
      <line num="29" count="2" type="stmt"/>
      <line num="30" count="2" type="stmt"/>
      <line num="42" count="2" type="cond" truecount="2" falsecount="0"/>
      <line num="43" count="2" type="stmt"/>
      <line num="44" count="2" type="stmt"/>
      <line num="45" count="2" type="stmt"/>
      <line num="46" count="2" type="stmt"/>
      <line num="47" count="2" type="stmt"/>
      <line num="48" count="2" type="stmt"/>
      <line num="49" count="2" type="stmt"/>
      <line num="50" count="2" type="stmt"/>
      <line num="51" count="2" type="stmt"/>
    </file>
    <file name="index.ts" path="/home/simone/message-store-app/src/index.ts">
      <metrics statements="23" coveredstatements="22" conditionals="23" coveredconditionals="20" methods="3" coveredmethods="3"/>
      <line num="1" count="1" type="stmt"/>
      <line num="9" count="1" type="stmt"/>
      <line num="10" count="1" type="stmt"/>
      <line num="12" count="1" type="stmt"/>
      <line num="19" count="8" type="stmt"/>
      <line num="21" count="8" type="cond" truecount="2" falsecount="0"/>
      <line num="22" count="8" type="stmt"/>
      <line num="24" count="4" type="stmt"/>
      <line num="27" count="4" type="stmt"/>
      <line num="28" count="1" type="cond" truecount="2" falsecount="0"/>
      <line num="29" count="1" type="cond" truecount="1" falsecount="1"/>
      <line num="30" count="1" type="stmt"/>
      <line num="41" count="0" type="stmt"/>
      <line num="43" count="3" type="stmt"/>
      <line num="44" count="3" type="cond" truecount="1" falsecount="0"/>
      <line num="45" count="3" type="cond" truecount="2" falsecount="0"/>
      <line num="49" count="1" type="stmt"/>
      <line num="60" count="2" type="stmt"/>
      <line num="76" count="1" type="stmt"/>
      <line num="77" count="8" type="stmt"/>
      <line num="91" count="8" type="stmt"/>
      <line num="92" count="8" type="stmt"/>
      <line num="95" count="8" type="cond" truecount="2" falsecount="0"/>
    </file>
    <file name="index2.ts" path="/home/simone/message-store-app/src/index2.ts">
      <metrics statements="37" coveredstatements="33" conditionals="32" coveredconditionals="28" methods="5" coveredmethods="4"/>
      <line num="1" count="1" type="stmt"/>
      <line num="9" count="1" type="stmt"/>
      <line num="17" count="1" type="stmt"/>
      <line num="29" count="14" type="cond" truecount="9" falsecount="1"/>
      <line num="30" count="5" type="stmt"/>
      <line num="33" count="9" type="stmt"/>
      <line num="34" count="1" type="cond" truecount="4" falsecount="1"/>
      <line num="35" count="1" type="stmt"/>
      <line num="47" count="2" type="stmt"/>
      <line num="48" count="2" type="cond" truecount="2" falsecount="0"/>
      <line num="49" count="1" type="stmt"/>
      <line num="60" count="1" type="stmt"/>
      <line num="70" count="2" type="stmt"/>
      <line num="71" count="2" type="cond" truecount="2" falsecount="0"/>
      <line num="72" count="1" type="stmt"/>
      <line num="81" count="1" type="stmt"/>
      <line num="90" count="4" type="stmt"/>
      <line num="91" count="4" type="cond" truecount="2" falsecount="0"/>
      <line num="92" count="2" type="stmt"/>
      <line num="94" count="4" type="stmt"/>
      <line num="101" count="6" type="cond" truecount="2" falsecount="0"/>
      <line num="102" count="1" type="stmt"/>
      <line num="104" count="1" type="stmt"/>
      <line num="114" count="1" type="stmt"/>
      <line num="125" count="0" type="stmt"/>
      <line num="126" count="0" type="cond" truecount="0" falsecount="2"/>
      <line num="127" count="0" type="stmt"/>
      <line num="140" count="6" type="stmt"/>
      <line num="141" count="2" type="cond" truecount="1" falsecount="0"/>
      <line num="142" count="2" type="cond" truecount="4" falsecount="0"/>
      <line num="143" count="1" type="stmt"/>
      <line num="152" count="1" type="stmt"/>
      <line num="153" count="14" type="stmt"/>
      <line num="179" count="14" type="stmt"/>
      <line num="180" count="14" type="stmt"/>
      <line num="183" count="14" type="cond" truecount="2" falsecount="0"/>
      <line num="186" count="0" type="stmt"/>
    </file>
    <file name="projector.ts" path="/home/simone/message-store-app/src/projector.ts">
      <metrics statements="40" coveredstatements="31" conditionals="20" coveredconditionals="12" methods="12" coveredmethods="10"/>
      <line num="1" count="2" type="stmt"/>
      <line num="2" count="2" type="stmt"/>
      <line num="4" count="2" type="stmt"/>
      <line num="5" count="9" type="stmt"/>
      <line num="7" count="9" type="stmt"/>
      <line num="8" count="9" type="stmt"/>
      <line num="10" count="13" type="cond" truecount="2" falsecount="0"/>
      <line num="11" count="11" type="cond" truecount="2" falsecount="0"/>
      <line num="12" count="2" type="stmt"/>
      <line num="13" count="9" type="cond" truecount="2" falsecount="0"/>
      <line num="14" count="8" type="stmt"/>
      <line num="17" count="13" type="stmt"/>
      <line num="19" count="9" type="stmt"/>
      <line num="22" count="2" type="stmt"/>
      <line num="24" count="4" type="cond" truecount="1" falsecount="1"/>
      <line num="25" count="4" type="stmt"/>
      <line num="26" count="0" type="cond" truecount="0" falsecount="2"/>
      <line num="27" count="0" type="stmt"/>
      <line num="29" count="0" type="stmt"/>
      <line num="32" count="8" type="stmt"/>
      <line num="35" count="2" type="stmt"/>
      <line num="37" count="3" type="cond" truecount="2" falsecount="2"/>
      <line num="38" count="3" type="stmt"/>
      <line num="40" count="0" type="stmt"/>
      <line num="43" count="3" type="stmt"/>
      <line num="46" count="2" type="stmt"/>
      <line num="48" count="3" type="cond" truecount="1" falsecount="1"/>
      <line num="49" count="3" type="stmt"/>
      <line num="51" count="0" type="stmt"/>
      <line num="54" count="6" type="stmt"/>
      <line num="61" count="2" type="stmt"/>
      <line num="63" count="3" type="cond" truecount="2" falsecount="0"/>
      <line num="64" count="2" type="stmt"/>
      <line num="66" count="1" type="stmt"/>
      <line num="69" count="4" type="stmt"/>
      <line num="76" count="2" type="stmt"/>
      <line num="78" count="0" type="cond" truecount="0" falsecount="2"/>
      <line num="79" count="0" type="stmt"/>
      <line num="81" count="0" type="stmt"/>
      <line num="84" count="0" type="stmt"/>
    </file>
  </project>
</coverage>
