{"/home/simone/message-store-app/src/Types.ts": {"path":"/home/simone/message-store-app/src/Types.ts","statementMap":{"0":{"start":{"line":3,"column":0},"end":{"line":3,"column":null}},"1":{"start":{"line":4,"column":2},"end":{"line":4,"column":null}},"2":{"start":{"line":5,"column":2},"end":{"line":5,"column":null}},"3":{"start":{"line":13,"column":0},"end":{"line":13,"column":null}},"4":{"start":{"line":14,"column":2},"end":{"line":14,"column":null}},"5":{"start":{"line":15,"column":2},"end":{"line":15,"column":null}},"6":{"start":{"line":16,"column":2},"end":{"line":16,"column":null}},"7":{"start":{"line":25,"column":0},"end":{"line":25,"column":null}},"8":{"start":{"line":26,"column":2},"end":{"line":26,"column":null}},"9":{"start":{"line":27,"column":2},"end":{"line":27,"column":null}},"10":{"start":{"line":28,"column":2},"end":{"line":28,"column":null}},"11":{"start":{"line":29,"column":2},"end":{"line":29,"column":null}},"12":{"start":{"line":30,"column":2},"end":{"line":30,"column":null}},"13":{"start":{"line":42,"column":0},"end":{"line":42,"column":null}},"14":{"start":{"line":43,"column":2},"end":{"line":43,"column":null}},"15":{"start":{"line":44,"column":2},"end":{"line":44,"column":null}},"16":{"start":{"line":45,"column":2},"end":{"line":45,"column":null}},"17":{"start":{"line":46,"column":2},"end":{"line":46,"column":null}},"18":{"start":{"line":47,"column":2},"end":{"line":47,"column":null}},"19":{"start":{"line":48,"column":2},"end":{"line":48,"column":null}},"20":{"start":{"line":49,"column":2},"end":{"line":49,"column":null}},"21":{"start":{"line":50,"column":2},"end":{"line":50,"column":null}},"22":{"start":{"line":51,"column":2},"end":{"line":51,"column":null}}},"fnMap":{"0":{"name":"(anonymous_0)","decl":{"start":{"line":3,"column":0},"end":{"line":3,"column":12}},"loc":{"start":{"line":3,"column":29},"end":{"line":6,"column":1}}},"1":{"name":"(anonymous_1)","decl":{"start":{"line":13,"column":0},"end":{"line":13,"column":12}},"loc":{"start":{"line":13,"column":27},"end":{"line":17,"column":1}}},"2":{"name":"(anonymous_2)","decl":{"start":{"line":25,"column":0},"end":{"line":25,"column":12}},"loc":{"start":{"line":25,"column":27},"end":{"line":31,"column":1}}},"3":{"name":"(anonymous_3)","decl":{"start":{"line":42,"column":0},"end":{"line":42,"column":12}},"loc":{"start":{"line":42,"column":25},"end":{"line":52,"column":1}}}},"branchMap":{"0":{"loc":{"start":{"line":3,"column":12},"end":{"line":3,"column":29}},"type":"binary-expr","locations":[{"start":{"line":3,"column":12},"end":{"line":3,"column":29}},{"start":{"line":3,"column":12},"end":{"line":3,"column":null}}]},"1":{"loc":{"start":{"line":13,"column":12},"end":{"line":13,"column":27}},"type":"binary-expr","locations":[{"start":{"line":13,"column":12},"end":{"line":13,"column":27}},{"start":{"line":13,"column":12},"end":{"line":13,"column":null}}]},"2":{"loc":{"start":{"line":25,"column":12},"end":{"line":25,"column":27}},"type":"binary-expr","locations":[{"start":{"line":25,"column":12},"end":{"line":25,"column":27}},{"start":{"line":25,"column":12},"end":{"line":25,"column":null}}]},"3":{"loc":{"start":{"line":42,"column":12},"end":{"line":42,"column":25}},"type":"binary-expr","locations":[{"start":{"line":42,"column":12},"end":{"line":42,"column":25}},{"start":{"line":42,"column":12},"end":{"line":42,"column":null}}]}},"s":{"0":2,"1":2,"2":2,"3":2,"4":2,"5":2,"6":2,"7":2,"8":2,"9":2,"10":2,"11":2,"12":2,"13":2,"14":2,"15":2,"16":2,"17":2,"18":2,"19":2,"20":2,"21":2,"22":2},"f":{"0":2,"1":2,"2":2,"3":2},"b":{"0":[2,2],"1":[2,2],"2":[2,2],"3":[2,2]}}
,"/home/simone/message-store-app/src/index.ts": {"path":"/home/simone/message-store-app/src/index.ts","statementMap":{"0":{"start":{"line":1,"column":0},"end":{"line":1,"column":null}},"1":{"start":{"line":9,"column":0},"end":{"line":9,"column":26}},"2":{"start":{"line":10,"column":0},"end":{"line":10,"column":50}},"3":{"start":{"line":12,"column":0},"end":{"line":12,"column":null}},"4":{"start":{"line":19,"column":8},"end":{"line":19,"column":37}},"5":{"start":{"line":22,"column":4},"end":{"line":22,"column":null}},"6":{"start":{"line":21,"column":2},"end":{"line":25,"column":null}},"7":{"start":{"line":24,"column":4},"end":{"line":24,"column":11}},"8":{"start":{"line":27,"column":10},"end":{"line":27,"column":null}},"9":{"start":{"line":28,"column":9},"end":{"line":28,"column":26}},"10":{"start":{"line":43,"column":9},"end":{"line":43,"column":26}},"11":{"start":{"line":29,"column":6},"end":{"line":42,"column":null}},"12":{"start":{"line":30,"column":8},"end":{"line":39,"column":11}},"13":{"start":{"line":41,"column":8},"end":{"line":41,"column":15}},"14":{"start":{"line":44,"column":20},"end":{"line":44,"column":null}},"15":{"start":{"line":44,"column":10},"end":{"line":44,"column":null}},"16":{"start":{"line":45,"column":6},"end":{"line":72,"column":null}},"17":{"start":{"line":49,"column":8},"end":{"line":58,"column":11}},"18":{"start":{"line":60,"column":8},"end":{"line":71,"column":11}},"19":{"start":{"line":77,"column":2},"end":{"line":84,"column":4}},"20":{"start":{"line":76,"column":0},"end":{"line":76,"column":22}},"21":{"start":{"line":91,"column":10},"end":{"line":91,"column":30}},"22":{"start":{"line":92,"column":18},"end":{"line":94,"column":null}},"23":{"start":{"line":92,"column":8},"end":{"line":94,"column":null}},"24":{"start":{"line":95,"column":2},"end":{"line":95,"column":62}}},"fnMap":{"0":{"name":"businnesLogic","decl":{"start":{"line":18,"column":15},"end":{"line":18,"column":28}},"loc":{"start":{"line":18,"column":48},"end":{"line":74,"column":null}}},"1":{"name":"runCredits","decl":{"start":{"line":76,"column":22},"end":{"line":76,"column":32}},"loc":{"start":{"line":76,"column":32},"end":{"line":85,"column":null}}},"2":{"name":"isLastMessageAfterGlobalPosition","decl":{"start":{"line":87,"column":15},"end":{"line":87,"column":47}},"loc":{"start":{"line":89,"column":18},"end":{"line":96,"column":null}}}},"branchMap":{"0":{"loc":{"start":{"line":44,"column":20},"end":{"line":44,"column":null}},"type":"switch","locations":[{"start":{"line":44,"column":20},"end":{"line":44,"column":null}}]},"1":{"loc":{"start":{"line":21,"column":2},"end":{"line":25,"column":null}},"type":"if","locations":[{"start":{"line":21,"column":2},"end":{"line":25,"column":null}},{"start":{"line":21,"column":2},"end":{"line":25,"column":null}}]},"2":{"loc":{"start":{"line":28,"column":9},"end":{"line":28,"column":26}},"type":"switch","locations":[{"start":{"line":28,"column":9},"end":{"line":28,"column":26}},{"start":{"line":43,"column":9},"end":{"line":43,"column":26}}]},"3":{"loc":{"start":{"line":29,"column":6},"end":{"line":42,"column":null}},"type":"if","locations":[{"start":{"line":29,"column":6},"end":{"line":42,"column":null}},{"start":{"line":29,"column":6},"end":{"line":42,"column":null}}]},"4":{"loc":{"start":{"line":36,"column":49},"end":{"line":36,"column":53}},"type":"cond-expr","locations":[{"start":{"line":36,"column":49},"end":{"line":36,"column":53}},{"start":{"line":36,"column":53},"end":{"line":36,"column":57}}]},"5":{"loc":{"start":{"line":36,"column":27},"end":{"line":36,"column":53}},"type":"binary-expr","locations":[{"start":{"line":36,"column":27},"end":{"line":36,"column":53}},{"start":{"line":36,"column":49},"end":{"line":36,"column":53}}]},"6":{"loc":{"start":{"line":45,"column":6},"end":{"line":72,"column":null}},"type":"if","locations":[{"start":{"line":45,"column":6},"end":{"line":72,"column":null}},{"start":{"line":45,"column":6},"end":{"line":72,"column":null}}]},"7":{"loc":{"start":{"line":46,"column":8},"end":{"line":46,"column":41}},"type":"binary-expr","locations":[{"start":{"line":46,"column":8},"end":{"line":46,"column":41}},{"start":{"line":47,"column":8},"end":{"line":47,"column":43}}]},"8":{"loc":{"start":{"line":55,"column":49},"end":{"line":55,"column":53}},"type":"cond-expr","locations":[{"start":{"line":55,"column":49},"end":{"line":55,"column":53}},{"start":{"line":55,"column":53},"end":{"line":55,"column":57}}]},"9":{"loc":{"start":{"line":55,"column":27},"end":{"line":55,"column":53}},"type":"binary-expr","locations":[{"start":{"line":55,"column":27},"end":{"line":55,"column":53}},{"start":{"line":55,"column":49},"end":{"line":55,"column":53}}]},"10":{"loc":{"start":{"line":68,"column":18},"end":{"line":68,"column":35}},"type":"cond-expr","locations":[{"start":{"line":68,"column":18},"end":{"line":68,"column":35}},{"start":{"line":69,"column":18},"end":{"line":69,"column":37}}]},"11":{"loc":{"start":{"line":95,"column":9},"end":{"line":95,"column":16}},"type":"binary-expr","locations":[{"start":{"line":95,"column":9},"end":{"line":95,"column":16}},{"start":{"line":95,"column":20},"end":{"line":95,"column":61}}]}},"s":{"0":1,"1":1,"2":1,"3":1,"4":8,"5":8,"6":8,"7":4,"8":4,"9":1,"10":3,"11":1,"12":1,"13":0,"14":3,"15":3,"16":3,"17":1,"18":2,"19":8,"20":1,"21":8,"22":8,"23":8,"24":8},"f":{"0":8,"1":8,"2":8},"b":{"0":[3],"1":[4,4],"2":[1,3],"3":[1,0],"4":[0,1],"5":[1,1],"6":[1,2],"7":[3,2],"8":[0,1],"9":[1,1],"10":[1,1],"11":[8,6]}}
,"/home/simone/message-store-app/src/index2.ts": {"path":"/home/simone/message-store-app/src/index2.ts","statementMap":{"0":{"start":{"line":1,"column":0},"end":{"line":1,"column":null}},"1":{"start":{"line":9,"column":0},"end":{"line":9,"column":null}},"2":{"start":{"line":17,"column":0},"end":{"line":17,"column":null}},"3":{"start":{"line":29,"column":6},"end":{"line":29,"column":78}},"4":{"start":{"line":29,"column":2},"end":{"line":31,"column":null}},"5":{"start":{"line":30,"column":4},"end":{"line":30,"column":11}},"6":{"start":{"line":33,"column":10},"end":{"line":33,"column":null}},"7":{"start":{"line":34,"column":9},"end":{"line":34,"column":24}},"8":{"start":{"line":47,"column":9},"end":{"line":47,"column":24}},"9":{"start":{"line":70,"column":9},"end":{"line":70,"column":24}},"10":{"start":{"line":90,"column":9},"end":{"line":90,"column":24}},"11":{"start":{"line":125,"column":11},"end":{"line":125,"column":26}},"12":{"start":{"line":35,"column":6},"end":{"line":46,"column":9}},"13":{"start":{"line":48,"column":10},"end":{"line":48,"column":52}},"14":{"start":{"line":48,"column":6},"end":{"line":68,"column":null}},"15":{"start":{"line":49,"column":8},"end":{"line":58,"column":11}},"16":{"start":{"line":60,"column":8},"end":{"line":67,"column":11}},"17":{"start":{"line":71,"column":10},"end":{"line":71,"column":52}},"18":{"start":{"line":71,"column":6},"end":{"line":89,"column":null}},"19":{"start":{"line":72,"column":8},"end":{"line":79,"column":11}},"20":{"start":{"line":81,"column":8},"end":{"line":88,"column":11}},"21":{"start":{"line":91,"column":10},"end":{"line":91,"column":67}},"22":{"start":{"line":91,"column":6},"end":{"line":93,"column":null}},"23":{"start":{"line":92,"column":8},"end":{"line":92,"column":15}},"24":{"start":{"line":94,"column":6},"end":{"line":99,"column":9}},"25":{"start":{"line":101,"column":9},"end":{"line":101,"column":54}},"26":{"start":{"line":101,"column":8},"end":{"line":101,"column":null}},"27":{"start":{"line":101,"column":8},"end":{"line":101,"column":9}},"28":{"start":{"line":102,"column":9},"end":{"line":102,"column":74}},"29":{"start":{"line":102,"column":8},"end":{"line":102,"column":null}},"30":{"start":{"line":104,"column":15},"end":{"line":112,"column":11}},"31":{"start":{"line":104,"column":8},"end":{"line":112,"column":11}},"32":{"start":{"line":114,"column":8},"end":{"line":122,"column":11}},"33":{"start":{"line":126,"column":11},"end":{"line":126,"column":72}},"34":{"start":{"line":126,"column":73},"end":{"line":126,"column":124}},"35":{"start":{"line":126,"column":72},"end":{"line":126,"column":124}},"36":{"start":{"line":126,"column":8},"end":{"line":135,"column":null}},"37":{"start":{"line":127,"column":10},"end":{"line":134,"column":13}},"38":{"start":{"line":140,"column":10},"end":{"line":140,"column":null}},"39":{"start":{"line":141,"column":9},"end":{"line":141,"column":24}},"40":{"start":{"line":142,"column":10},"end":{"line":142,"column":72}},"41":{"start":{"line":142,"column":6},"end":{"line":142,"column":79}},"42":{"start":{"line":142,"column":72},"end":{"line":142,"column":79}},"43":{"start":{"line":143,"column":13},"end":{"line":148,"column":9}},"44":{"start":{"line":143,"column":6},"end":{"line":148,"column":9}},"45":{"start":{"line":153,"column":2},"end":{"line":172,"column":4}},"46":{"start":{"line":152,"column":0},"end":{"line":152,"column":22}},"47":{"start":{"line":179,"column":10},"end":{"line":179,"column":30}},"48":{"start":{"line":180,"column":18},"end":{"line":182,"column":null}},"49":{"start":{"line":180,"column":8},"end":{"line":182,"column":null}},"50":{"start":{"line":183,"column":2},"end":{"line":183,"column":62}},"51":{"start":{"line":186,"column":2},"end":{"line":186,"column":47}}},"fnMap":{"0":{"name":"businnesLogic","decl":{"start":{"line":28,"column":15},"end":{"line":28,"column":28}},"loc":{"start":{"line":28,"column":45},"end":{"line":137,"column":null}}},"1":{"name":"businnesLogicCredits","decl":{"start":{"line":139,"column":15},"end":{"line":139,"column":35}},"loc":{"start":{"line":139,"column":55},"end":{"line":150,"column":null}}},"2":{"name":"runGiftCard","decl":{"start":{"line":152,"column":22},"end":{"line":152,"column":33}},"loc":{"start":{"line":152,"column":33},"end":{"line":173,"column":null}}},"3":{"name":"isLastMessageAfterGlobalPosition","decl":{"start":{"line":175,"column":15},"end":{"line":175,"column":47}},"loc":{"start":{"line":177,"column":18},"end":{"line":184,"column":null}}},"4":{"name":"runVerifyProcessingProjectorProjector","decl":{"start":{"line":185,"column":9},"end":{"line":185,"column":46}},"loc":{"start":{"line":185,"column":68},"end":{"line":187,"column":1}}}},"branchMap":{"0":{"loc":{"start":{"line":29,"column":6},"end":{"line":29,"column":78}},"type":"switch","locations":[{"start":{"line":29,"column":6},"end":{"line":29,"column":78}},{"start":{"line":35,"column":6},"end":{"line":46,"column":9}},{"start":{"line":48,"column":10},"end":{"line":48,"column":52}},{"start":{"line":71,"column":10},"end":{"line":71,"column":52}},{"start":{"line":91,"column":10},"end":{"line":91,"column":67}},{"start":{"line":104,"column":8},"end":{"line":112,"column":11}},{"start":{"line":114,"column":8},"end":{"line":122,"column":11}},{"start":{"line":126,"column":11},"end":{"line":126,"column":72}}]},"1":{"loc":{"start":{"line":29,"column":2},"end":{"line":31,"column":null}},"type":"if","locations":[{"start":{"line":29,"column":2},"end":{"line":31,"column":null}},{"start":{"line":29,"column":2},"end":{"line":31,"column":null}}]},"2":{"loc":{"start":{"line":34,"column":9},"end":{"line":34,"column":24}},"type":"switch","locations":[{"start":{"line":34,"column":9},"end":{"line":34,"column":24}},{"start":{"line":47,"column":9},"end":{"line":47,"column":24}},{"start":{"line":70,"column":9},"end":{"line":70,"column":24}},{"start":{"line":90,"column":9},"end":{"line":90,"column":24}},{"start":{"line":125,"column":11},"end":{"line":125,"column":26}}]},"3":{"loc":{"start":{"line":48,"column":6},"end":{"line":68,"column":null}},"type":"if","locations":[{"start":{"line":48,"column":6},"end":{"line":68,"column":null}},{"start":{"line":48,"column":6},"end":{"line":68,"column":null}}]},"4":{"loc":{"start":{"line":71,"column":6},"end":{"line":89,"column":null}},"type":"if","locations":[{"start":{"line":71,"column":6},"end":{"line":89,"column":null}},{"start":{"line":71,"column":6},"end":{"line":89,"column":null}}]},"5":{"loc":{"start":{"line":91,"column":6},"end":{"line":93,"column":null}},"type":"if","locations":[{"start":{"line":91,"column":6},"end":{"line":93,"column":null}},{"start":{"line":91,"column":6},"end":{"line":93,"column":null}}]},"6":{"loc":{"start":{"line":101,"column":8},"end":{"line":101,"column":9}},"type":"if","locations":[{"start":{"line":101,"column":8},"end":{"line":101,"column":9}},{"start":{"line":101,"column":8},"end":{"line":101,"column":9}}]},"7":{"loc":{"start":{"line":126,"column":8},"end":{"line":135,"column":null}},"type":"if","locations":[{"start":{"line":126,"column":8},"end":{"line":135,"column":null}},{"start":{"line":126,"column":8},"end":{"line":135,"column":null}}]},"8":{"loc":{"start":{"line":142,"column":10},"end":{"line":142,"column":72}},"type":"switch","locations":[{"start":{"line":142,"column":10},"end":{"line":142,"column":72}},{"start":{"line":143,"column":6},"end":{"line":148,"column":9}}]},"9":{"loc":{"start":{"line":141,"column":9},"end":{"line":141,"column":24}},"type":"switch","locations":[{"start":{"line":141,"column":9},"end":{"line":141,"column":24}}]},"10":{"loc":{"start":{"line":142,"column":6},"end":{"line":142,"column":79}},"type":"if","locations":[{"start":{"line":142,"column":6},"end":{"line":142,"column":79}},{"start":{"line":142,"column":6},"end":{"line":142,"column":79}}]},"11":{"loc":{"start":{"line":183,"column":9},"end":{"line":183,"column":16}},"type":"binary-expr","locations":[{"start":{"line":183,"column":9},"end":{"line":183,"column":16}},{"start":{"line":183,"column":20},"end":{"line":183,"column":61}}]}},"s":{"0":1,"1":1,"2":1,"3":14,"4":14,"5":5,"6":9,"7":1,"8":2,"9":2,"10":4,"11":0,"12":1,"13":2,"14":2,"15":1,"16":1,"17":2,"18":2,"19":1,"20":1,"21":4,"22":4,"23":2,"24":4,"25":2,"26":2,"27":6,"28":1,"29":1,"30":1,"31":1,"32":1,"33":0,"34":0,"35":0,"36":0,"37":0,"38":6,"39":2,"40":2,"41":2,"42":1,"43":1,"44":1,"45":14,"46":1,"47":14,"48":14,"49":14,"50":14,"51":0},"f":{"0":14,"1":6,"2":14,"3":14,"4":0},"b":{"0":[14,1,2,2,4,1,1,0],"1":[5,9],"2":[1,2,2,4,0],"3":[1,1],"4":[1,1],"5":[2,2],"6":[2,2],"7":[0,0],"8":[2,1],"9":[2],"10":[1,1],"11":[14,9]}}
,"/home/simone/message-store-app/src/projector.ts": {"path":"/home/simone/message-store-app/src/projector.ts","statementMap":{"0":{"start":{"line":1,"column":0},"end":{"line":1,"column":58}},"1":{"start":{"line":2,"column":0},"end":{"line":2,"column":82}},"2":{"start":{"line":10,"column":4},"end":{"line":16,"column":null}},"3":{"start":{"line":11,"column":6},"end":{"line":15,"column":null}},"4":{"start":{"line":12,"column":8},"end":{"line":12,"column":38}},"5":{"start":{"line":13,"column":13},"end":{"line":15,"column":null}},"6":{"start":{"line":14,"column":8},"end":{"line":14,"column":38}},"7":{"start":{"line":17,"column":4},"end":{"line":17,"column":28}},"8":{"start":{"line":5,"column":8},"end":{"line":5,"column":36}},"9":{"start":{"line":7,"column":6},"end":{"line":7,"column":28}},"10":{"start":{"line":8,"column":2},"end":{"line":8,"column":62}},"11":{"start":{"line":19,"column":2},"end":{"line":19,"column":73}},"12":{"start":{"line":4,"column":0},"end":{"line":4,"column":22}},"13":{"start":{"line":24,"column":4},"end":{"line":30,"column":null}},"14":{"start":{"line":25,"column":6},"end":{"line":25,"column":18}},"15":{"start":{"line":26,"column":11},"end":{"line":30,"column":null}},"16":{"start":{"line":27,"column":6},"end":{"line":27,"column":19}},"17":{"start":{"line":29,"column":6},"end":{"line":29,"column":18}},"18":{"start":{"line":32,"column":2},"end":{"line":32,"column":72}},"19":{"start":{"line":22,"column":0},"end":{"line":22,"column":22}},"20":{"start":{"line":37,"column":4},"end":{"line":41,"column":null}},"21":{"start":{"line":38,"column":6},"end":{"line":38,"column":48}},"22":{"start":{"line":40,"column":6},"end":{"line":40,"column":18}},"23":{"start":{"line":43,"column":2},"end":{"line":43,"column":72}},"24":{"start":{"line":35,"column":0},"end":{"line":35,"column":22}},"25":{"start":{"line":48,"column":4},"end":{"line":52,"column":null}},"26":{"start":{"line":49,"column":6},"end":{"line":49,"column":18}},"27":{"start":{"line":51,"column":6},"end":{"line":51,"column":19}},"28":{"start":{"line":54,"column":2},"end":{"line":58,"column":4}},"29":{"start":{"line":46,"column":0},"end":{"line":46,"column":22}},"30":{"start":{"line":63,"column":4},"end":{"line":67,"column":null}},"31":{"start":{"line":64,"column":6},"end":{"line":64,"column":18}},"32":{"start":{"line":66,"column":6},"end":{"line":66,"column":19}},"33":{"start":{"line":69,"column":2},"end":{"line":73,"column":4}},"34":{"start":{"line":61,"column":0},"end":{"line":61,"column":22}},"35":{"start":{"line":78,"column":4},"end":{"line":82,"column":null}},"36":{"start":{"line":79,"column":6},"end":{"line":79,"column":18}},"37":{"start":{"line":81,"column":6},"end":{"line":81,"column":19}},"38":{"start":{"line":84,"column":2},"end":{"line":88,"column":4}},"39":{"start":{"line":76,"column":0},"end":{"line":76,"column":22}}},"fnMap":{"0":{"name":"runBalanceProjector","decl":{"start":{"line":4,"column":22},"end":{"line":4,"column":41}},"loc":{"start":{"line":4,"column":52},"end":{"line":20,"column":null}}},"1":{"name":"reducer","decl":{"start":{"line":9,"column":11},"end":{"line":9,"column":18}},"loc":{"start":{"line":9,"column":50},"end":{"line":18,"column":3}}},"2":{"name":"runCardExistProjector","decl":{"start":{"line":22,"column":22},"end":{"line":22,"column":43}},"loc":{"start":{"line":22,"column":54},"end":{"line":33,"column":null}}},"3":{"name":"reducer","decl":{"start":{"line":23,"column":11},"end":{"line":23,"column":18}},"loc":{"start":{"line":23,"column":49},"end":{"line":31,"column":3}}},"4":{"name":"runVerifyAmountProjector","decl":{"start":{"line":35,"column":22},"end":{"line":35,"column":46}},"loc":{"start":{"line":35,"column":73},"end":{"line":44,"column":null}}},"5":{"name":"reducer","decl":{"start":{"line":36,"column":11},"end":{"line":36,"column":18}},"loc":{"start":{"line":36,"column":49},"end":{"line":42,"column":3}}},"6":{"name":"runVerifyPendingProjector","decl":{"start":{"line":46,"column":22},"end":{"line":46,"column":47}},"loc":{"start":{"line":46,"column":58},"end":{"line":59,"column":null}}},"7":{"name":"reducer","decl":{"start":{"line":47,"column":11},"end":{"line":47,"column":18}},"loc":{"start":{"line":47,"column":49},"end":{"line":53,"column":3}}},"8":{"name":"runVerifyProcessingProjector","decl":{"start":{"line":61,"column":22},"end":{"line":61,"column":50}},"loc":{"start":{"line":61,"column":61},"end":{"line":74,"column":null}}},"9":{"name":"reducer","decl":{"start":{"line":62,"column":11},"end":{"line":62,"column":18}},"loc":{"start":{"line":62,"column":49},"end":{"line":68,"column":3}}},"10":{"name":"runDeliveryProjector","decl":{"start":{"line":76,"column":22},"end":{"line":76,"column":42}},"loc":{"start":{"line":76,"column":53},"end":{"line":89,"column":null}}},"11":{"name":"reducer","decl":{"start":{"line":77,"column":11},"end":{"line":77,"column":18}},"loc":{"start":{"line":77,"column":49},"end":{"line":83,"column":3}}}},"branchMap":{"0":{"loc":{"start":{"line":10,"column":4},"end":{"line":16,"column":null}},"type":"if","locations":[{"start":{"line":10,"column":4},"end":{"line":16,"column":null}},{"start":{"line":10,"column":4},"end":{"line":16,"column":null}}]},"1":{"loc":{"start":{"line":11,"column":6},"end":{"line":15,"column":null}},"type":"if","locations":[{"start":{"line":11,"column":6},"end":{"line":15,"column":null}},{"start":{"line":11,"column":6},"end":{"line":15,"column":null}}]},"2":{"loc":{"start":{"line":13,"column":13},"end":{"line":15,"column":null}},"type":"if","locations":[{"start":{"line":13,"column":13},"end":{"line":15,"column":null}},{"start":{"line":13,"column":13},"end":{"line":15,"column":null}}]},"3":{"loc":{"start":{"line":24,"column":4},"end":{"line":30,"column":null}},"type":"if","locations":[{"start":{"line":24,"column":4},"end":{"line":30,"column":null}},{"start":{"line":24,"column":4},"end":{"line":30,"column":null}}]},"4":{"loc":{"start":{"line":26,"column":11},"end":{"line":30,"column":null}},"type":"if","locations":[{"start":{"line":26,"column":11},"end":{"line":30,"column":null}},{"start":{"line":26,"column":11},"end":{"line":30,"column":null}}]},"5":{"loc":{"start":{"line":37,"column":4},"end":{"line":41,"column":null}},"type":"if","locations":[{"start":{"line":37,"column":4},"end":{"line":41,"column":null}},{"start":{"line":37,"column":4},"end":{"line":41,"column":null}}]},"6":{"loc":{"start":{"line":37,"column":8},"end":{"line":37,"column":51}},"type":"binary-expr","locations":[{"start":{"line":37,"column":8},"end":{"line":37,"column":51}},{"start":{"line":37,"column":55},"end":{"line":37,"column":100}}]},"7":{"loc":{"start":{"line":48,"column":4},"end":{"line":52,"column":null}},"type":"if","locations":[{"start":{"line":48,"column":4},"end":{"line":52,"column":null}},{"start":{"line":48,"column":4},"end":{"line":52,"column":null}}]},"8":{"loc":{"start":{"line":63,"column":4},"end":{"line":67,"column":null}},"type":"if","locations":[{"start":{"line":63,"column":4},"end":{"line":67,"column":null}},{"start":{"line":63,"column":4},"end":{"line":67,"column":null}}]},"9":{"loc":{"start":{"line":78,"column":4},"end":{"line":82,"column":null}},"type":"if","locations":[{"start":{"line":78,"column":4},"end":{"line":82,"column":null}},{"start":{"line":78,"column":4},"end":{"line":82,"column":null}}]}},"s":{"0":2,"1":2,"2":13,"3":11,"4":2,"5":9,"6":8,"7":13,"8":9,"9":9,"10":9,"11":9,"12":2,"13":4,"14":4,"15":0,"16":0,"17":0,"18":8,"19":2,"20":3,"21":3,"22":0,"23":3,"24":2,"25":3,"26":3,"27":0,"28":6,"29":2,"30":3,"31":2,"32":1,"33":4,"34":2,"35":0,"36":0,"37":0,"38":0,"39":2},"f":{"0":9,"1":13,"2":8,"3":4,"4":3,"5":3,"6":6,"7":3,"8":4,"9":3,"10":0,"11":0},"b":{"0":[11,2],"1":[2,9],"2":[8,1],"3":[4,0],"4":[0,0],"5":[3,0],"6":[3,0],"7":[3,0],"8":[2,1],"9":[0,0]}}
}
