TN:
SF:src/Types.ts
FN:3,(anonymous_0)
FN:13,(anonymous_1)
FN:25,(anonymous_2)
FN:42,(anonymous_3)
FNF:4
FNH:4
FNDA:2,(anonymous_0)
FNDA:2,(anonymous_1)
FNDA:2,(anonymous_2)
FNDA:2,(anonymous_3)
DA:3,2
DA:4,2
DA:5,2
DA:13,2
DA:14,2
DA:15,2
DA:16,2
DA:25,2
DA:26,2
DA:27,2
DA:28,2
DA:29,2
DA:30,2
DA:42,2
DA:43,2
DA:44,2
DA:45,2
DA:46,2
DA:47,2
DA:48,2
DA:49,2
DA:50,2
LF:22
LH:22
BRDA:3,0,0,2
BRDA:3,0,1,2
BRDA:13,1,0,2
BRDA:13,1,1,2
BRDA:25,2,0,2
BRDA:25,2,1,2
BRDA:42,3,0,2
BRDA:42,3,1,2
BRF:8
BRH:8
end_of_record
TN:
SF:src/index.ts
FN:18,businnesLogic
FN:76,runCredits
FN:87,isLastMessageAfterGlobalPosition
FNF:3
FNH:3
FNDA:8,businnesLogic
FNDA:8,runCredits
FNDA:8,isLastMessageAfterGlobalPosition
DA:1,1
DA:9,1
DA:10,1
DA:12,1
DA:19,8
DA:21,8
DA:22,8
DA:24,4
DA:27,4
DA:28,1
DA:29,1
DA:30,1
DA:41,0
DA:43,3
DA:44,3
DA:45,3
DA:49,1
DA:60,2
DA:76,1
DA:77,8
DA:91,8
DA:92,8
DA:95,8
LF:23
LH:22
BRDA:44,0,0,3
BRDA:21,1,0,4
BRDA:21,1,1,4
BRDA:28,2,0,1
BRDA:28,2,1,3
BRDA:29,3,0,1
BRDA:29,3,1,0
BRDA:36,4,0,0
BRDA:36,4,1,1
BRDA:36,5,0,1
BRDA:36,5,1,1
BRDA:45,6,0,1
BRDA:45,6,1,2
BRDA:46,7,0,3
BRDA:46,7,1,2
BRDA:55,8,0,0
BRDA:55,8,1,1
BRDA:55,9,0,1
BRDA:55,9,1,1
BRDA:68,10,0,1
BRDA:68,10,1,1
BRDA:95,11,0,8
BRDA:95,11,1,6
BRF:23
BRH:20
end_of_record
TN:
SF:src/index2.ts
FN:30,businnesLogic
FN:158,businnesLogicCredits
FN:175,runGiftCard
FN:198,isLastMessageAfterGlobalPosition
FNF:4
FNH:4
FNDA:18,businnesLogic
FNDA:8,businnesLogicCredits
FNDA:20,runGiftCard
FNDA:18,isLastMessageAfterGlobalPosition
DA:1,1
DA:10,1
DA:19,1
DA:31,18
DA:32,5
DA:35,13
DA:36,1
DA:37,1
DA:49,2
DA:50,2
DA:51,1
DA:62,1
DA:72,2
DA:73,2
DA:74,1
DA:83,1
DA:92,4
DA:93,4
DA:94,2
DA:96,4
DA:103,6
DA:104,1
DA:106,1
DA:116,1
DA:126,4
DA:128,14
DA:129,1
DA:131,1
DA:140,3
DA:141,4
DA:142,2
DA:144,1
DA:159,8
DA:160,4
DA:161,4
DA:162,3
DA:164,1
DA:170,4
DA:175,1
DA:176,20
DA:202,18
DA:203,18
DA:206,18
LF:43
LH:43
BRDA:31,0,0,18
BRDA:31,0,1,1
BRDA:31,0,2,2
BRDA:31,0,3,2
BRDA:31,0,4,4
BRDA:31,0,5,1
BRDA:31,0,6,1
BRDA:31,0,7,4
BRDA:31,0,8,1
BRDA:31,0,9,3
BRDA:31,1,0,5
BRDA:31,1,1,13
BRDA:36,2,0,1
BRDA:36,2,1,2
BRDA:36,2,2,2
BRDA:36,2,3,4
BRDA:36,2,4,4
BRDA:50,3,0,1
BRDA:50,3,1,1
BRDA:73,4,0,1
BRDA:73,4,1,1
BRDA:93,5,0,2
BRDA:93,5,1,2
BRDA:103,6,0,2
BRDA:103,6,1,2
BRDA:128,7,0,6
BRDA:128,7,1,2
BRDA:141,8,0,1
BRDA:141,8,1,2
BRDA:140,9,0,1
BRDA:140,9,1,2
BRDA:161,10,0,4
BRDA:161,10,1,1
BRDA:160,11,0,4
BRDA:160,11,1,4
BRDA:161,12,0,3
BRDA:161,12,1,1
BRDA:206,13,0,18
BRDA:206,13,1,9
BRF:39
BRH:39
end_of_record
TN:
SF:src/projector.ts
FN:4,runBalanceProjector
FN:9,reducer
FN:22,runCardExistProjector
FN:23,reducer
FN:35,runVerifyAmountProjector
FN:39,reducer
FN:52,runVerifyPendingProjector
FN:53,reducer
FN:67,runVerifyProcessingProjector
FN:70,reducer
FN:84,runVerifyDeliveryProjector
FN:85,reducer
FN:99,runVerifyErrorProjector
FN:100,reducer
FNF:14
FNH:14
FNDA:9,runBalanceProjector
FNDA:13,reducer
FNDA:9,runCardExistProjector
FNDA:6,reducer
FNDA:3,runVerifyAmountProjector
FNDA:3,reducer
FNDA:10,runVerifyPendingProjector
FNDA:11,reducer
FNDA:6,runVerifyProcessingProjector
FNDA:8,reducer
FNDA:6,runVerifyDeliveryProjector
FNDA:8,reducer
FNDA:4,runVerifyErrorProjector
FNDA:4,reducer
DA:1,2
DA:2,2
DA:4,2
DA:5,9
DA:7,9
DA:8,9
DA:10,13
DA:11,11
DA:12,2
DA:13,9
DA:14,8
DA:17,13
DA:19,9
DA:22,2
DA:24,6
DA:25,5
DA:26,1
DA:27,1
DA:29,0
DA:32,9
DA:35,2
DA:40,3
DA:44,3
DA:46,0
DA:49,3
DA:52,2
DA:54,11
DA:55,7
DA:57,4
DA:60,10
DA:67,2
DA:71,8
DA:72,3
DA:74,5
DA:77,6
DA:84,2
DA:86,8
DA:87,2
DA:89,6
DA:92,6
DA:99,2
DA:101,4
DA:102,2
DA:104,2
DA:107,4
LF:45
LH:43
BRDA:10,0,0,11
BRDA:10,0,1,2
BRDA:11,1,0,2
BRDA:11,1,1,9
BRDA:13,2,0,8
BRDA:13,2,1,1
BRDA:24,3,0,5
BRDA:24,3,1,1
BRDA:26,4,0,1
BRDA:26,4,1,0
BRDA:40,5,0,3
BRDA:40,5,1,0
BRDA:41,6,0,3
BRDA:41,6,1,0
BRDA:54,7,0,7
BRDA:54,7,1,4
BRDA:71,8,0,3
BRDA:71,8,1,5
BRDA:86,9,0,2
BRDA:86,9,1,6
BRDA:101,10,0,2
BRDA:101,10,1,2
BRF:22
BRH:19
end_of_record
