TN:
SF:src/Types.ts
FN:3,(anonymous_0)
FN:13,(anonymous_1)
FN:25,(anonymous_2)
FN:42,(anonymous_3)
FNF:4
FNH:4
FNDA:2,(anonymous_0)
FNDA:2,(anonymous_1)
FNDA:2,(anonymous_2)
FNDA:2,(anonymous_3)
DA:3,2
DA:4,2
DA:5,2
DA:13,2
DA:14,2
DA:15,2
DA:16,2
DA:25,2
DA:26,2
DA:27,2
DA:28,2
DA:29,2
DA:30,2
DA:42,2
DA:43,2
DA:44,2
DA:45,2
DA:46,2
DA:47,2
DA:48,2
DA:49,2
DA:50,2
DA:51,2
LF:23
LH:23
BRDA:3,0,0,2
BRDA:3,0,1,2
BRDA:13,1,0,2
BRDA:13,1,1,2
BRDA:25,2,0,2
BRDA:25,2,1,2
BRDA:42,3,0,2
BRDA:42,3,1,2
BRF:8
BRH:8
end_of_record
TN:
SF:src/index.ts
FN:18,businnesLogic
FN:76,runCredits
FN:87,isLastMessageAfterGlobalPosition
FNF:3
FNH:3
FNDA:8,businnesLogic
FNDA:8,runCredits
FNDA:8,isLastMessageAfterGlobalPosition
DA:1,1
DA:9,1
DA:10,1
DA:12,1
DA:19,8
DA:21,8
DA:22,8
DA:24,4
DA:27,4
DA:28,1
DA:29,1
DA:30,1
DA:41,0
DA:43,3
DA:44,3
DA:45,3
DA:49,1
DA:60,2
DA:76,1
DA:77,8
DA:91,8
DA:92,8
DA:95,8
LF:23
LH:22
BRDA:44,0,0,3
BRDA:21,1,0,4
BRDA:21,1,1,4
BRDA:28,2,0,1
BRDA:28,2,1,3
BRDA:29,3,0,1
BRDA:29,3,1,0
BRDA:36,4,0,0
BRDA:36,4,1,1
BRDA:36,5,0,1
BRDA:36,5,1,1
BRDA:45,6,0,1
BRDA:45,6,1,2
BRDA:46,7,0,3
BRDA:46,7,1,2
BRDA:55,8,0,0
BRDA:55,8,1,1
BRDA:55,9,0,1
BRDA:55,9,1,1
BRDA:68,10,0,1
BRDA:68,10,1,1
BRDA:95,11,0,8
BRDA:95,11,1,6
BRF:23
BRH:20
end_of_record
TN:
SF:src/index2.ts
FN:28,businnesLogic
FN:139,businnesLogicCredits
FN:152,runGiftCard
FN:175,isLastMessageAfterGlobalPosition
FN:185,runVerifyProcessingProjectorProjector
FNF:5
FNH:4
FNDA:14,businnesLogic
FNDA:6,businnesLogicCredits
FNDA:14,runGiftCard
FNDA:14,isLastMessageAfterGlobalPosition
FNDA:0,runVerifyProcessingProjectorProjector
DA:1,1
DA:9,1
DA:17,1
DA:29,14
DA:30,5
DA:33,9
DA:34,1
DA:35,1
DA:47,2
DA:48,2
DA:49,1
DA:60,1
DA:70,2
DA:71,2
DA:72,1
DA:81,1
DA:90,4
DA:91,4
DA:92,2
DA:94,4
DA:101,6
DA:102,1
DA:104,1
DA:114,1
DA:125,0
DA:126,0
DA:127,0
DA:140,6
DA:141,2
DA:142,2
DA:143,1
DA:152,1
DA:153,14
DA:179,14
DA:180,14
DA:183,14
DA:186,0
LF:37
LH:33
BRDA:29,0,0,14
BRDA:29,0,1,1
BRDA:29,0,2,2
BRDA:29,0,3,2
BRDA:29,0,4,4
BRDA:29,0,5,1
BRDA:29,0,6,1
BRDA:29,0,7,0
BRDA:29,1,0,5
BRDA:29,1,1,9
BRDA:34,2,0,1
BRDA:34,2,1,2
BRDA:34,2,2,2
BRDA:34,2,3,4
BRDA:34,2,4,0
BRDA:48,3,0,1
BRDA:48,3,1,1
BRDA:71,4,0,1
BRDA:71,4,1,1
BRDA:91,5,0,2
BRDA:91,5,1,2
BRDA:101,6,0,2
BRDA:101,6,1,2
BRDA:126,7,0,0
BRDA:126,7,1,0
BRDA:142,8,0,2
BRDA:142,8,1,1
BRDA:141,9,0,2
BRDA:142,10,0,1
BRDA:142,10,1,1
BRDA:183,11,0,14
BRDA:183,11,1,9
BRF:32
BRH:28
end_of_record
TN:
SF:src/projector.ts
FN:4,runBalanceProjector
FN:9,reducer
FN:22,runCardExistProjector
FN:23,reducer
FN:35,runVerifyAmountProjector
FN:36,reducer
FN:46,runVerifyPendingProjector
FN:47,reducer
FN:61,runVerifyProcessingProjector
FN:62,reducer
FN:76,runDeliveryProjector
FN:77,reducer
FNF:12
FNH:10
FNDA:9,runBalanceProjector
FNDA:13,reducer
FNDA:8,runCardExistProjector
FNDA:4,reducer
FNDA:3,runVerifyAmountProjector
FNDA:3,reducer
FNDA:6,runVerifyPendingProjector
FNDA:3,reducer
FNDA:4,runVerifyProcessingProjector
FNDA:3,reducer
FNDA:0,runDeliveryProjector
FNDA:0,reducer
DA:1,2
DA:2,2
DA:4,2
DA:5,9
DA:7,9
DA:8,9
DA:10,13
DA:11,11
DA:12,2
DA:13,9
DA:14,8
DA:17,13
DA:19,9
DA:22,2
DA:24,4
DA:25,4
DA:26,0
DA:27,0
DA:29,0
DA:32,8
DA:35,2
DA:37,3
DA:38,3
DA:40,0
DA:43,3
DA:46,2
DA:48,3
DA:49,3
DA:51,0
DA:54,6
DA:61,2
DA:63,3
DA:64,2
DA:66,1
DA:69,4
DA:76,2
DA:78,0
DA:79,0
DA:81,0
DA:84,0
LF:40
LH:31
BRDA:10,0,0,11
BRDA:10,0,1,2
BRDA:11,1,0,2
BRDA:11,1,1,9
BRDA:13,2,0,8
BRDA:13,2,1,1
BRDA:24,3,0,4
BRDA:24,3,1,0
BRDA:26,4,0,0
BRDA:26,4,1,0
BRDA:37,5,0,3
BRDA:37,5,1,0
BRDA:37,6,0,3
BRDA:37,6,1,0
BRDA:48,7,0,3
BRDA:48,7,1,0
BRDA:63,8,0,2
BRDA:63,8,1,1
BRDA:78,9,0,0
BRDA:78,9,1,0
BRF:20
BRH:12
end_of_record
